-------------------------------------------------------------------------------
Test set: org.example.productcatalog.controller.ProductServletTest
-------------------------------------------------------------------------------
Tests run: 4, Failures: 0, Errors: 4, Skipped: 0, Time elapsed: 12.02 s <<< FAILURE! -- in org.example.productcatalog.controller.ProductServletTest
org.example.productcatalog.controller.ProductServletTest.givenNewProduct_whenTryToCreate_thenReturnCorrectResult -- Time elapsed: 0.931 s <<< ERROR!
org.example.productcatalog.exception.ApplicationException: Cannot invoke "org.example.productcatalog.service.CrudService.find(Object)" because "ajc$this.userService" is null
	at org.example.productcatalog.web.controller.ProductServlet.doPost_aroundBody2(ProductServlet.java:104)
	at org.example.productcatalog.web.controller.ProductServlet$AjcClosure3.run(ProductServlet.java:1)
	at org.aspectj.runtime.reflect.JoinPointImpl.proceed(JoinPointImpl.java:164)
	at org.example.productcatalog.aop.StopWatchAspect.logExecutionDuration(StopWatchAspect.java:21)
	at org.example.productcatalog.web.controller.ProductServlet.doPost(ProductServlet.java:72)
	at org.example.productcatalog.controller.ProductServletTest.givenNewProduct_whenTryToCreate_thenReturnCorrectResult_aroundBody0(ProductServletTest.java:63)
	at org.example.productcatalog.controller.ProductServletTest$AjcClosure1.run(ProductServletTest.java:1)
	at org.aspectj.runtime.reflect.JoinPointImpl.proceed(JoinPointImpl.java:164)
	at org.example.productcatalog.aop.StopWatchAspect.logExecutionDuration(StopWatchAspect.java:21)
	at org.example.productcatalog.controller.ProductServletTest.givenNewProduct_whenTryToCreate_thenReturnCorrectResult(ProductServletTest.java:45)
	at java.base/java.lang.reflect.Method.invoke(Method.java:580)
	at java.base/java.util.ArrayList.forEach(ArrayList.java:1596)
	at java.base/java.util.ArrayList.forEach(ArrayList.java:1596)

org.example.productcatalog.controller.ProductServletTest.givenUserAndProduct_whenTryToUpdate_thenReturnCorrectResult -- Time elapsed: 0.028 s <<< ERROR!
org.example.productcatalog.exception.ApplicationException: Cannot invoke "org.example.productcatalog.service.CrudService.find(Object)" because "ajc$this.userService" is null
	at org.example.productcatalog.web.controller.ProductServlet.doPut_aroundBody4(ProductServlet.java:142)
	at org.example.productcatalog.web.controller.ProductServlet$AjcClosure5.run(ProductServlet.java:1)
	at org.aspectj.runtime.reflect.JoinPointImpl.proceed(JoinPointImpl.java:164)
	at org.example.productcatalog.aop.StopWatchAspect.logExecutionDuration(StopWatchAspect.java:21)
	at org.example.productcatalog.web.controller.ProductServlet.doPut(ProductServlet.java:110)
	at org.example.productcatalog.controller.ProductServletTest.givenUserAndProduct_whenTryToUpdate_thenReturnCorrectResult_aroundBody4(ProductServletTest.java:111)
	at org.example.productcatalog.controller.ProductServletTest$AjcClosure5.run(ProductServletTest.java:1)
	at org.aspectj.runtime.reflect.JoinPointImpl.proceed(JoinPointImpl.java:164)
	at org.example.productcatalog.aop.StopWatchAspect.logExecutionDuration(StopWatchAspect.java:21)
	at org.example.productcatalog.controller.ProductServletTest.givenUserAndProduct_whenTryToUpdate_thenReturnCorrectResult(ProductServletTest.java:93)
	at java.base/java.lang.reflect.Method.invoke(Method.java:580)
	at java.base/java.util.ArrayList.forEach(ArrayList.java:1596)
	at java.base/java.util.ArrayList.forEach(ArrayList.java:1596)

org.example.productcatalog.controller.ProductServletTest.givenCurrentUserAndProductTemplate_whenTryToList_thenReturnCorrectResult -- Time elapsed: 0.005 s <<< ERROR!
java.lang.NullPointerException: Cannot invoke "org.example.productcatalog.service.CrudService.find(Object)" because "ajc$this.productService" is null
	at org.example.productcatalog.controller.ProductServletTest.givenCurrentUserAndProductTemplate_whenTryToList_thenReturnCorrectResult_aroundBody2(ProductServletTest.java:71)
	at org.example.productcatalog.controller.ProductServletTest$AjcClosure3.run(ProductServletTest.java:1)
	at org.aspectj.runtime.reflect.JoinPointImpl.proceed(JoinPointImpl.java:164)
	at org.example.productcatalog.aop.StopWatchAspect.logExecutionDuration(StopWatchAspect.java:21)
	at org.example.productcatalog.controller.ProductServletTest.givenCurrentUserAndProductTemplate_whenTryToList_thenReturnCorrectResult(ProductServletTest.java:71)
	at java.base/java.lang.reflect.Method.invoke(Method.java:580)
	at java.base/java.util.ArrayList.forEach(ArrayList.java:1596)
	at java.base/java.util.ArrayList.forEach(ArrayList.java:1596)

org.example.productcatalog.controller.ProductServletTest.givenUserAndProduct_whenTryToDelete_thenReturnCorrectResult -- Time elapsed: 0.004 s <<< ERROR!
java.lang.NullPointerException: Cannot invoke "org.example.productcatalog.service.CrudService.find(Object)" because "ajc$this.productService" is null
	at org.example.productcatalog.controller.ProductServletTest.givenUserAndProduct_whenTryToDelete_thenReturnCorrectResult_aroundBody6(ProductServletTest.java:119)
	at org.example.productcatalog.controller.ProductServletTest$AjcClosure7.run(ProductServletTest.java:1)
	at org.aspectj.runtime.reflect.JoinPointImpl.proceed(JoinPointImpl.java:164)
	at org.example.productcatalog.aop.StopWatchAspect.logExecutionDuration(StopWatchAspect.java:21)
	at org.example.productcatalog.controller.ProductServletTest.givenUserAndProduct_whenTryToDelete_thenReturnCorrectResult(ProductServletTest.java:119)
	at java.base/java.lang.reflect.Method.invoke(Method.java:580)
	at java.base/java.util.ArrayList.forEach(ArrayList.java:1596)
	at java.base/java.util.ArrayList.forEach(ArrayList.java:1596)

