<?xml version="1.0" encoding="UTF-8"?>
<testsuite xmlns:xsi="http://www.w3.org/2001/XMLSchema-instance" xsi:noNamespaceSchemaLocation="https://maven.apache.org/surefire/maven-surefire-plugin/xsd/surefire-test-report.xsd" version="3.0.2" name="org.example.productcatalog.controller.ProductServletTest" time="12.024" tests="4" errors="4" skipped="0" failures="0">
  <properties>
[...]
</properties>
  <testcase name="givenNewProduct_whenTryToCreate_thenReturnCorrectResult" classname="org.example.productcatalog.controller.ProductServletTest" time="0.931">
    <error message="Cannot invoke &quot;org.example.productcatalog.service.CrudService.find(Object)&quot; because &quot;ajc$this.userService&quot; is null" type="org.example.productcatalog.exception.ApplicationException"><![CDATA[org.example.productcatalog.exception.ApplicationException: Cannot invoke "org.example.productcatalog.service.CrudService.find(Object)" because "ajc$this.userService" is null
	at org.example.productcatalog.web.controller.ProductServlet.doPost_aroundBody2(ProductServlet.java:104)
	at org.example.productcatalog.web.controller.ProductServlet$AjcClosure3.run(ProductServlet.java:1)
	at org.aspectj.runtime.reflect.JoinPointImpl.proceed(JoinPointImpl.java:164)
	at org.example.productcatalog.aop.StopWatchAspect.logExecutionDuration(StopWatchAspect.java:21)
	at org.example.productcatalog.web.controller.ProductServlet.doPost(ProductServlet.java:72)
	at org.example.productcatalog.controller.ProductServletTest.givenNewProduct_whenTryToCreate_thenReturnCorrectResult_aroundBody0(ProductServletTest.java:63)
	at org.example.productcatalog.controller.ProductServletTest$AjcClosure1.run(ProductServletTest.java:1)
	at org.aspectj.runtime.reflect.JoinPointImpl.proceed(JoinPointImpl.java:164)
	at org.example.productcatalog.aop.StopWatchAspect.logExecutionDuration(StopWatchAspect.java:21)
	at org.example.productcatalog.controller.ProductServletTest.givenNewProduct_whenTryToCreate_thenReturnCorrectResult(ProductServletTest.java:45)
	at java.base/java.lang.reflect.Method.invoke(Method.java:580)
	at java.base/java.util.ArrayList.forEach(ArrayList.java:1596)
	at java.base/java.util.ArrayList.forEach(ArrayList.java:1596)
]]></error>
    <system-out><![CDATA[Running Changeset: db/migration/changelog/dbChangeLog.xml::custom_schema::kridency
Running Changeset: db/migration/changelog/changes/changelog1_structure.xml::create_role_type::kridency
Running Changeset: db/migration/changelog/changes/changelog1_structure.xml::create_sequence::kridency
Running Changeset: db/migration/changelog/changes/changelog1_structure.xml::create_user_table::kridency
Running Changeset: db/migration/changelog/changes/changelog1_structure.xml::create_user_index::kridency
Running Changeset: db/migration/changelog/changes/changelog1_structure.xml::create_product_table::kridency
Running Changeset: db/migration/changelog/changes/changelog1_structure.xml::create_product_constraint::kridency
Running Changeset: db/migration/changelog/changes/changelog1_structure.xml::create_product_index::kridency
Running Changeset: db/migration/changelog/changes/changelog1_structure.xml::create_invocation_table::kridency
Running Changeset: db/migration/changelog/changes/changelog1_structure.xml::create_invocation_constraint::kridency
Running Changeset: db/migration/changelog/changes/changelog1_structure.xml::create_invocation_index::kridency
Running Changeset: db/migration/changelog/changes/changelog1_structure.xml::create_invocation_foreign_key::kridency
Running Changeset: db/migration/changelog/changes/changelog2_data.xml::create_users::kridency
Running Changeset: db/migration/changelog/changes/changelog2_data.xml::create_products::kridency

UPDATE SUMMARY
Run:                         14
Previously run:               0
Filtered out:                 0
-------------------------------
Total change sets:           14

Liquibase: Update has been successful. Rows affected: 19
]]></system-out>
    <system-err><![CDATA[Dec 02, 2025 10:51:42 PM org.example.productcatalog.aop.StopWatchAspect logExecutionDuration
INFO: execution(ApplicationProperties org.example.productcatalog.property.ApplicationProperties.getInstance()) -> 0 ms
Dec 02, 2025 10:51:42 PM org.example.productcatalog.aop.StopWatchAspect logExecutionDuration
INFO: execution(LiquibaseProperties org.example.productcatalog.property.LiquibaseProperties.getInstance()) -> 0 ms
SLF4J: Failed to load class "org.slf4j.impl.StaticLoggerBinder".
SLF4J: Defaulting to no-operation (NOP) logger implementation
SLF4J: See http://www.slf4j.org/codes.html#StaticLoggerBinder for further details.
Dec 02, 2025 10:51:42 PM org.example.productcatalog.aop.StopWatchAspect logExecutionDuration
INFO: execution(Object org.example.productcatalog.property.AbstractProperties.flatten(Object, String)) -> 0 ms
Dec 02, 2025 10:51:42 PM org.example.productcatalog.aop.StopWatchAspect logExecutionDuration
INFO: execution(Object org.example.productcatalog.property.AbstractProperties.flatten(Object, String)) -> 0 ms
Dec 02, 2025 10:51:42 PM org.example.productcatalog.aop.StopWatchAspect logExecutionDuration
INFO: execution(String org.example.productcatalog.property.AbstractProperties.lambda$getProperty$0(String, Map)) -> 0 ms
Dec 02, 2025 10:51:42 PM org.example.productcatalog.aop.StopWatchAspect logExecutionDuration
INFO: execution(String org.example.productcatalog.property.AbstractProperties.getProperty(String)) -> 0 ms
Dec 02, 2025 10:51:42 PM org.example.productcatalog.aop.StopWatchAspect logExecutionDuration
INFO: execution(Object org.example.productcatalog.property.AbstractProperties.flatten(Object, String)) -> 0 ms
Dec 02, 2025 10:51:42 PM org.example.productcatalog.aop.StopWatchAspect logExecutionDuration
INFO: execution(Object org.example.productcatalog.property.AbstractProperties.flatten(Object, String)) -> 0 ms
Dec 02, 2025 10:51:42 PM org.example.productcatalog.aop.StopWatchAspect logExecutionDuration
INFO: execution(String org.example.productcatalog.property.AbstractProperties.lambda$getProperty$0(String, Map)) -> 0 ms
Dec 02, 2025 10:51:42 PM org.example.productcatalog.aop.StopWatchAspect logExecutionDuration
INFO: execution(String org.example.productcatalog.property.AbstractProperties.getProperty(String)) -> 0 ms
Dec 02, 2025 10:51:42 PM org.example.productcatalog.aop.StopWatchAspect logExecutionDuration
INFO: execution(Object org.example.productcatalog.property.AbstractProperties.flatten(Object, String)) -> 0 ms
Dec 02, 2025 10:51:42 PM org.example.productcatalog.aop.StopWatchAspect logExecutionDuration
INFO: execution(Object org.example.productcatalog.property.AbstractProperties.flatten(Object, String)) -> 0 ms
Dec 02, 2025 10:51:42 PM org.example.productcatalog.aop.StopWatchAspect logExecutionDuration
INFO: execution(String org.example.productcatalog.property.AbstractProperties.lambda$getProperty$0(String, Map)) -> 0 ms
Dec 02, 2025 10:51:42 PM org.example.productcatalog.aop.StopWatchAspect logExecutionDuration
INFO: execution(String org.example.productcatalog.property.AbstractProperties.getProperty(String)) -> 0 ms
SLF4J: Failed to load class "org.slf4j.impl.StaticMDCBinder".
SLF4J: Defaulting to no-operation MDCAdapter implementation.
SLF4J: See http://www.slf4j.org/codes.html#no_static_mdc_binder for further details.
Dec 02, 2025 10:51:49 PM org.example.productcatalog.aop.StopWatchAspect logExecutionDuration
INFO: execution(ApplicationProperties org.example.productcatalog.property.ApplicationProperties.getInstance()) -> 0 ms
Dec 02, 2025 10:51:49 PM org.example.productcatalog.aop.StopWatchAspect logExecutionDuration
INFO: execution(Object org.example.productcatalog.property.AbstractProperties.flatten(Object, String)) -> 0 ms
Dec 02, 2025 10:51:49 PM org.example.productcatalog.aop.StopWatchAspect logExecutionDuration
INFO: execution(Object org.example.productcatalog.property.AbstractProperties.flatten(Object, String)) -> 0 ms
Dec 02, 2025 10:51:49 PM org.example.productcatalog.aop.StopWatchAspect logExecutionDuration
INFO: execution(String org.example.productcatalog.property.AbstractProperties.lambda$getProperty$0(String, Map)) -> 0 ms
Dec 02, 2025 10:51:49 PM org.example.productcatalog.aop.StopWatchAspect logExecutionDuration
INFO: execution(String org.example.productcatalog.property.AbstractProperties.getProperty(String)) -> 0 ms
Dec 02, 2025 10:51:49 PM org.example.productcatalog.aop.StopWatchAspect logExecutionDuration
INFO: execution(Object org.example.productcatalog.property.AbstractProperties.flatten(Object, String)) -> 0 ms
Dec 02, 2025 10:51:49 PM org.example.productcatalog.aop.StopWatchAspect logExecutionDuration
INFO: execution(Object org.example.productcatalog.property.AbstractProperties.flatten(Object, String)) -> 0 ms
Dec 02, 2025 10:51:49 PM org.example.productcatalog.aop.StopWatchAspect logExecutionDuration
INFO: execution(Object org.example.productcatalog.property.AbstractProperties.flatten(Object, String)) -> 0 ms
Dec 02, 2025 10:51:49 PM org.example.productcatalog.aop.StopWatchAspect logExecutionDuration
INFO: execution(Object org.example.productcatalog.property.AbstractProperties.flatten(Object, String)) -> 0 ms
Dec 02, 2025 10:51:49 PM org.example.productcatalog.aop.StopWatchAspect logExecutionDuration
INFO: execution(String org.example.productcatalog.property.AbstractProperties.lambda$getProperty$0(String, Map)) -> 0 ms
Dec 02, 2025 10:51:49 PM org.example.productcatalog.aop.StopWatchAspect logExecutionDuration
INFO: execution(String org.example.productcatalog.property.AbstractProperties.getProperty(String)) -> 0 ms
Dec 02, 2025 10:51:49 PM org.example.productcatalog.aop.StopWatchAspect logExecutionDuration
INFO: execution(Object org.example.productcatalog.property.AbstractProperties.flatten(Object, String)) -> 0 ms
Dec 02, 2025 10:51:49 PM org.example.productcatalog.aop.StopWatchAspect logExecutionDuration
INFO: execution(Object org.example.productcatalog.property.AbstractProperties.flatten(Object, String)) -> 0 ms
Dec 02, 2025 10:51:49 PM org.example.productcatalog.aop.StopWatchAspect logExecutionDuration
INFO: execution(String org.example.productcatalog.property.AbstractProperties.lambda$getProperty$0(String, Map)) -> 0 ms
Dec 02, 2025 10:51:49 PM org.example.productcatalog.aop.StopWatchAspect logExecutionDuration
INFO: execution(String org.example.productcatalog.property.AbstractProperties.getProperty(String)) -> 0 ms
Dec 02, 2025 10:51:49 PM org.example.productcatalog.aop.StopWatchAspect logExecutionDuration
INFO: execution(Object org.example.productcatalog.property.AbstractProperties.flatten(Object, String)) -> 0 ms
Dec 02, 2025 10:51:49 PM org.example.productcatalog.aop.StopWatchAspect logExecutionDuration
INFO: execution(Object org.example.productcatalog.property.AbstractProperties.flatten(Object, String)) -> 0 ms
Dec 02, 2025 10:51:49 PM org.example.productcatalog.aop.StopWatchAspect logExecutionDuration
INFO: execution(String org.example.productcatalog.property.AbstractProperties.lambda$getProperty$0(String, Map)) -> 0 ms
Dec 02, 2025 10:51:49 PM org.example.productcatalog.aop.StopWatchAspect logExecutionDuration
INFO: execution(String org.example.productcatalog.property.AbstractProperties.getProperty(String)) -> 0 ms
Dec 02, 2025 10:51:49 PM org.example.productcatalog.aop.StopWatchAspect logExecutionDuration
INFO: execution(Object org.example.productcatalog.property.AbstractProperties.flatten(Object, String)) -> 0 ms
Dec 02, 2025 10:51:49 PM org.example.productcatalog.aop.StopWatchAspect logExecutionDuration
INFO: execution(Object org.example.productcatalog.property.AbstractProperties.flatten(Object, String)) -> 0 ms
Dec 02, 2025 10:51:49 PM org.example.productcatalog.aop.StopWatchAspect logExecutionDuration
INFO: execution(String org.example.productcatalog.property.AbstractProperties.lambda$getProperty$0(String, Map)) -> 0 ms
Dec 02, 2025 10:51:49 PM org.example.productcatalog.aop.StopWatchAspect logExecutionDuration
INFO: execution(String org.example.productcatalog.property.AbstractProperties.getProperty(String)) -> 0 ms
Dec 02, 2025 10:51:49 PM org.example.productcatalog.aop.StopWatchAspect logExecutionDuration
INFO: execution(Object org.example.productcatalog.property.AbstractProperties.flatten(Object, String)) -> 0 ms
Dec 02, 2025 10:51:49 PM org.example.productcatalog.aop.StopWatchAspect logExecutionDuration
INFO: execution(Object org.example.productcatalog.property.AbstractProperties.flatten(Object, String)) -> 0 ms
Dec 02, 2025 10:51:49 PM org.example.productcatalog.aop.StopWatchAspect logExecutionDuration
INFO: execution(String org.example.productcatalog.property.AbstractProperties.lambda$getProperty$0(String, Map)) -> 0 ms
Dec 02, 2025 10:51:49 PM org.example.productcatalog.aop.StopWatchAspect logExecutionDuration
INFO: execution(String org.example.productcatalog.property.AbstractProperties.getProperty(String)) -> 0 ms
Dec 02, 2025 10:51:49 PM org.example.productcatalog.aop.StopWatchAspect logExecutionDuration
INFO: execution(PostgreSQLClient org.example.productcatalog.client.PostgreSQLClient.getInstance()) -> 0 ms
Dec 02, 2025 10:51:49 PM org.example.productcatalog.aop.StopWatchAspect logExecutionDuration
INFO: execution(PGSimpleDataSource org.example.productcatalog.client.PostgreSQLClient.getDataSource()) -> 0 ms
Dec 02, 2025 10:51:49 PM org.example.productcatalog.aop.StopWatchAspect logExecutionDuration
INFO: execution(Object org.example.productcatalog.property.AbstractProperties.flatten(Object, String)) -> 0 ms
Dec 02, 2025 10:51:49 PM org.example.productcatalog.aop.StopWatchAspect logExecutionDuration
INFO: execution(Object org.example.productcatalog.property.AbstractProperties.flatten(Object, String)) -> 0 ms
Dec 02, 2025 10:51:49 PM org.example.productcatalog.aop.StopWatchAspect logExecutionDuration
INFO: execution(Object org.example.productcatalog.property.AbstractProperties.flatten(Object, String)) -> 0 ms
Dec 02, 2025 10:51:49 PM org.example.productcatalog.aop.StopWatchAspect logExecutionDuration
INFO: execution(Object org.example.productcatalog.property.AbstractProperties.flatten(Object, String)) -> 0 ms
Dec 02, 2025 10:51:49 PM org.example.productcatalog.aop.StopWatchAspect logExecutionDuration
INFO: execution(String org.example.productcatalog.property.AbstractProperties.lambda$getProperty$0(String, Map)) -> 0 ms
Dec 02, 2025 10:51:49 PM org.example.productcatalog.aop.StopWatchAspect logExecutionDuration
INFO: execution(String org.example.productcatalog.property.AbstractProperties.getProperty(String)) -> 0 ms
Dec 02, 2025 10:51:49 PM org.example.productcatalog.aop.StopWatchAspect logExecutionDuration
INFO: execution(Object org.example.productcatalog.property.AbstractProperties.flatten(Object, String)) -> 0 ms
Dec 02, 2025 10:51:49 PM org.example.productcatalog.aop.StopWatchAspect logExecutionDuration
INFO: execution(String org.example.productcatalog.property.AbstractProperties.lambda$getProperty$0(String, Map)) -> 0 ms
Dec 02, 2025 10:51:49 PM org.example.productcatalog.aop.StopWatchAspect logExecutionDuration
INFO: execution(String org.example.productcatalog.property.AbstractProperties.getProperty(String)) -> 0 ms
Dec 02, 2025 10:51:49 PM org.example.productcatalog.aop.StopWatchAspect logExecutionDuration
INFO: execution(Object org.example.productcatalog.property.AbstractProperties.flatten(Object, String)) -> 0 ms
Dec 02, 2025 10:51:49 PM org.example.productcatalog.aop.StopWatchAspect logExecutionDuration
INFO: execution(String org.example.productcatalog.property.AbstractProperties.lambda$getProperty$0(String, Map)) -> 0 ms
Dec 02, 2025 10:51:49 PM org.example.productcatalog.aop.StopWatchAspect logExecutionDuration
INFO: execution(String org.example.productcatalog.property.AbstractProperties.getProperty(String)) -> 0 ms
Dec 02, 2025 10:51:49 PM org.example.productcatalog.aop.StopWatchAspect logExecutionDuration
INFO: execution(Object org.example.productcatalog.property.AbstractProperties.flatten(Object, String)) -> 0 ms
Dec 02, 2025 10:51:49 PM org.example.productcatalog.aop.StopWatchAspect logExecutionDuration
INFO: execution(String org.example.productcatalog.property.AbstractProperties.lambda$getProperty$0(String, Map)) -> 0 ms
Dec 02, 2025 10:51:49 PM org.example.productcatalog.aop.StopWatchAspect logExecutionDuration
INFO: execution(String org.example.productcatalog.property.AbstractProperties.getProperty(String)) -> 0 ms
Dec 02, 2025 10:51:49 PM org.example.productcatalog.aop.StopWatchAspect logExecutionDuration
INFO: execution(Object org.example.productcatalog.property.AbstractProperties.flatten(Object, String)) -> 0 ms
Dec 02, 2025 10:51:49 PM org.example.productcatalog.aop.StopWatchAspect logExecutionDuration
INFO: execution(String org.example.productcatalog.property.AbstractProperties.lambda$getProperty$0(String, Map)) -> 0 ms
Dec 02, 2025 10:51:49 PM org.example.productcatalog.aop.StopWatchAspect logExecutionDuration
INFO: execution(String org.example.productcatalog.property.AbstractProperties.getProperty(String)) -> 0 ms
Dec 02, 2025 10:51:50 PM liquibase.changelog
INFO: Reading resource: db/migration/changelog/changes/changelog1_structure.xml
Dec 02, 2025 10:51:50 PM liquibase.changelog
INFO: Creating database history table with name: auxiliary.databasechangelog
Dec 02, 2025 10:51:50 PM liquibase.changelog
INFO: Reading from auxiliary.databasechangelog
Dec 02, 2025 10:51:50 PM liquibase.changelog
INFO: Reading resource: db/migration/changelog/changes/changelog2_data.xml
Dec 02, 2025 10:51:50 PM liquibase.snapshot
INFO: Creating snapshot
Dec 02, 2025 10:51:50 PM liquibase.lockservice
INFO: Successfully acquired change log lock
Dec 02, 2025 10:51:50 PM liquibase.command
INFO: Using deploymentId: 4705109267
Dec 02, 2025 10:51:50 PM liquibase.changelog
INFO: Reading from auxiliary.databasechangelog
Dec 02, 2025 10:51:50 PM liquibase.changelog
INFO: SQL in file ../../createCustomSchema.sql executed
Dec 02, 2025 10:51:50 PM liquibase.changelog
INFO: ChangeSet db/migration/changelog/dbChangeLog.xml::custom_schema::kridency ran successfully in 27ms
Dec 02, 2025 10:51:50 PM liquibase.executor
WARNING: type "role_type" does not exist, skipping
Dec 02, 2025 10:51:50 PM liquibase.changelog
INFO: SQL in file ../../../createRoleType.sql executed
Dec 02, 2025 10:51:50 PM liquibase.changelog
INFO: ChangeSet db/migration/changelog/changes/changelog1_structure.xml::create_role_type::kridency ran successfully in 8ms
Dec 02, 2025 10:51:50 PM liquibase.changelog
INFO: Sequence id_sequence created
Dec 02, 2025 10:51:50 PM liquibase.changelog
INFO: ChangeSet db/migration/changelog/changes/changelog1_structure.xml::create_sequence::kridency ran successfully in 5ms
Dec 02, 2025 10:51:50 PM liquibase.changelog
INFO: Table user created
Dec 02, 2025 10:51:50 PM liquibase.changelog
INFO: ChangeSet db/migration/changelog/changes/changelog1_structure.xml::create_user_table::kridency ran successfully in 7ms
Dec 02, 2025 10:51:50 PM liquibase.snapshot
INFO: Creating snapshot
Dec 02, 2025 10:51:50 PM liquibase.changelog
INFO: Index idx_user_email created
Dec 02, 2025 10:51:50 PM liquibase.changelog
INFO: ChangeSet db/migration/changelog/changes/changelog1_structure.xml::create_user_index::kridency ran successfully in 17ms
Dec 02, 2025 10:51:50 PM liquibase.changelog
INFO: Table product created
Dec 02, 2025 10:51:50 PM liquibase.changelog
INFO: ChangeSet db/migration/changelog/changes/changelog1_structure.xml::create_product_table::kridency ran successfully in 12ms
Dec 02, 2025 10:51:50 PM liquibase.snapshot
INFO: Creating snapshot
Dec 02, 2025 10:51:50 PM liquibase.changelog
INFO: Unique constraint added to product(item)
Dec 02, 2025 10:51:50 PM liquibase.changelog
INFO: ChangeSet db/migration/changelog/changes/changelog1_structure.xml::create_product_constraint::kridency ran successfully in 15ms
Dec 02, 2025 10:51:50 PM liquibase.snapshot
INFO: Creating snapshot
Dec 02, 2025 10:51:50 PM liquibase.changelog
INFO: Index idx_product_item created
Dec 02, 2025 10:51:50 PM liquibase.changelog
INFO: ChangeSet db/migration/changelog/changes/changelog1_structure.xml::create_product_index::kridency ran successfully in 18ms
Dec 02, 2025 10:51:50 PM liquibase.changelog
INFO: Table invocation created
Dec 02, 2025 10:51:50 PM liquibase.changelog
INFO: ChangeSet db/migration/changelog/changes/changelog1_structure.xml::create_invocation_table::kridency ran successfully in 7ms
Dec 02, 2025 10:51:50 PM liquibase.changelog
INFO: Unique constraint added to invocation(date, user_id)
Dec 02, 2025 10:51:50 PM liquibase.changelog
INFO: ChangeSet db/migration/changelog/changes/changelog1_structure.xml::create_invocation_constraint::kridency ran successfully in 4ms
Dec 02, 2025 10:51:50 PM liquibase.snapshot
INFO: Creating snapshot
Dec 02, 2025 10:51:50 PM liquibase.changelog
INFO: Index idx_invocation_date created
Dec 02, 2025 10:51:50 PM liquibase.changelog
INFO: ChangeSet db/migration/changelog/changes/changelog1_structure.xml::create_invocation_index::kridency ran successfully in 24ms
Dec 02, 2025 10:51:50 PM liquibase.changelog
INFO: Foreign key constraint added to invocation (user_id)
Dec 02, 2025 10:51:50 PM liquibase.changelog
INFO: ChangeSet db/migration/changelog/changes/changelog1_structure.xml::create_invocation_foreign_key::kridency ran successfully in 6ms
Dec 02, 2025 10:51:50 PM liquibase.changelog
INFO: New row inserted into user
Dec 02, 2025 10:51:50 PM liquibase.changelog
INFO: New row inserted into user
Dec 02, 2025 10:51:50 PM liquibase.changelog
INFO: New row inserted into user
Dec 02, 2025 10:51:50 PM liquibase.changelog
INFO: ChangeSet db/migration/changelog/changes/changelog2_data.xml::create_users::kridency ran successfully in 9ms
Dec 02, 2025 10:51:50 PM liquibase.changelog
INFO: New row inserted into product
Dec 02, 2025 10:51:50 PM liquibase.changelog
INFO: New row inserted into product
Dec 02, 2025 10:51:50 PM liquibase.changelog
INFO: ChangeSet db/migration/changelog/changes/changelog2_data.xml::create_products::kridency ran successfully in 7ms
Dec 02, 2025 10:51:50 PM liquibase.util
INFO: UPDATE SUMMARY
Dec 02, 2025 10:51:50 PM liquibase.util
INFO: Run:                         14
Dec 02, 2025 10:51:50 PM liquibase.util
INFO: Previously run:               0
Dec 02, 2025 10:51:50 PM liquibase.util
INFO: Filtered out:                 0
Dec 02, 2025 10:51:50 PM liquibase.util
INFO: -------------------------------
Dec 02, 2025 10:51:50 PM liquibase.util
INFO: Total change sets:           14
Dec 02, 2025 10:51:50 PM liquibase.util
INFO: Update summary generated
Dec 02, 2025 10:51:50 PM liquibase.command
INFO: Update command completed successfully.
Dec 02, 2025 10:51:50 PM liquibase.lockservice
INFO: Successfully released change log lock
Dec 02, 2025 10:51:50 PM liquibase.command
INFO: Command execution complete
Dec 02, 2025 10:51:53 PM org.example.productcatalog.aop.StopWatchAspect logExecutionDuration
INFO: execution(void org.example.productcatalog.dto.ProductDto.setItem(String)) -> 0 ms
Dec 02, 2025 10:51:53 PM org.example.productcatalog.aop.StopWatchAspect logExecutionDuration
INFO: execution(void org.example.productcatalog.dto.ProductDto.setBrand(String)) -> 0 ms
Dec 02, 2025 10:51:53 PM org.example.productcatalog.aop.StopWatchAspect logExecutionDuration
INFO: execution(void org.example.productcatalog.dto.ProductDto.setTitle(String)) -> 0 ms
Dec 02, 2025 10:51:53 PM org.example.productcatalog.aop.StopWatchAspect logExecutionDuration
INFO: execution(void org.example.productcatalog.dto.ProductDto.setCategory(String)) -> 0 ms
Dec 02, 2025 10:51:53 PM org.example.productcatalog.aop.StopWatchAspect logExecutionDuration
INFO: execution(void org.example.productcatalog.dto.ProductDto.setPrice(double)) -> 0 ms
Dec 02, 2025 10:51:53 PM org.example.productcatalog.aop.StopWatchAspect logExecutionDuration
INFO: execution(String org.example.productcatalog.dto.ProductDto.getItem()) -> 0 ms
Dec 02, 2025 10:51:53 PM org.example.productcatalog.aop.StopWatchAspect logExecutionDuration
INFO: execution(String org.example.productcatalog.dto.ProductDto.getBrand()) -> 0 ms
Dec 02, 2025 10:51:53 PM org.example.productcatalog.aop.StopWatchAspect logExecutionDuration
INFO: execution(String org.example.productcatalog.dto.ProductDto.getTitle()) -> 0 ms
Dec 02, 2025 10:51:53 PM org.example.productcatalog.aop.StopWatchAspect logExecutionDuration
INFO: execution(String org.example.productcatalog.dto.ProductDto.getCategory()) -> 0 ms
Dec 02, 2025 10:51:53 PM org.example.productcatalog.aop.StopWatchAspect logExecutionDuration
INFO: execution(double org.example.productcatalog.dto.ProductDto.getPrice()) -> 0 ms
Dec 02, 2025 10:51:54 PM org.example.productcatalog.aop.StopWatchAspect logExecutionDuration
INFO: execution(void org.example.productcatalog.web.controller.ProductServlet.lambda$doPost$5(BufferedReader, String, HttpServletResponse, PrintWriter, Supplier, Object)) -> 0 ms
Dec 02, 2025 10:51:54 PM org.example.productcatalog.aop.StopWatchAspect logExecutionDuration
INFO: execution(void org.example.productcatalog.web.controller.ProductServlet.doPost(HttpServletRequest, HttpServletResponse)) -> 0 ms
Dec 02, 2025 10:51:54 PM org.example.productcatalog.aop.StopWatchAspect logExecutionDuration
INFO: execution(void org.example.productcatalog.controller.ProductServletTest.givenNewProduct_whenTryToCreate_thenReturnCorrectResult()) -> 0 ms
]]></system-err>
  </testcase>
  <testcase name="givenUserAndProduct_whenTryToUpdate_thenReturnCorrectResult" classname="org.example.productcatalog.controller.ProductServletTest" time="0.028">
    <error message="Cannot invoke &quot;org.example.productcatalog.service.CrudService.find(Object)&quot; because &quot;ajc$this.userService&quot; is null" type="org.example.productcatalog.exception.ApplicationException"><![CDATA[org.example.productcatalog.exception.ApplicationException: Cannot invoke "org.example.productcatalog.service.CrudService.find(Object)" because "ajc$this.userService" is null
	at org.example.productcatalog.web.controller.ProductServlet.doPut_aroundBody4(ProductServlet.java:142)
	at org.example.productcatalog.web.controller.ProductServlet$AjcClosure5.run(ProductServlet.java:1)
	at org.aspectj.runtime.reflect.JoinPointImpl.proceed(JoinPointImpl.java:164)
	at org.example.productcatalog.aop.StopWatchAspect.logExecutionDuration(StopWatchAspect.java:21)
	at org.example.productcatalog.web.controller.ProductServlet.doPut(ProductServlet.java:110)
	at org.example.productcatalog.controller.ProductServletTest.givenUserAndProduct_whenTryToUpdate_thenReturnCorrectResult_aroundBody4(ProductServletTest.java:111)
	at org.example.productcatalog.controller.ProductServletTest$AjcClosure5.run(ProductServletTest.java:1)
	at org.aspectj.runtime.reflect.JoinPointImpl.proceed(JoinPointImpl.java:164)
	at org.example.productcatalog.aop.StopWatchAspect.logExecutionDuration(StopWatchAspect.java:21)
	at org.example.productcatalog.controller.ProductServletTest.givenUserAndProduct_whenTryToUpdate_thenReturnCorrectResult(ProductServletTest.java:93)
	at java.base/java.lang.reflect.Method.invoke(Method.java:580)
	at java.base/java.util.ArrayList.forEach(ArrayList.java:1596)
	at java.base/java.util.ArrayList.forEach(ArrayList.java:1596)
]]></error>
    <system-err><![CDATA[Dec 02, 2025 10:51:54 PM org.example.productcatalog.aop.StopWatchAspect logExecutionDuration
INFO: execution(void org.example.productcatalog.entity.Product.setItem(String)) -> 0 ms
Dec 02, 2025 10:51:54 PM org.example.productcatalog.aop.StopWatchAspect logExecutionDuration
INFO: execution(void org.example.productcatalog.entity.Product.setBrand(String)) -> 0 ms
Dec 02, 2025 10:51:54 PM org.example.productcatalog.aop.StopWatchAspect logExecutionDuration
INFO: execution(void org.example.productcatalog.entity.Product.setTitle(String)) -> 0 ms
Dec 02, 2025 10:51:54 PM org.example.productcatalog.aop.StopWatchAspect logExecutionDuration
INFO: execution(void org.example.productcatalog.entity.Product.setCategory(String)) -> 0 ms
Dec 02, 2025 10:51:54 PM org.example.productcatalog.aop.StopWatchAspect logExecutionDuration
INFO: execution(void org.example.productcatalog.entity.Product.setPrice(double)) -> 0 ms
Dec 02, 2025 10:51:54 PM org.example.productcatalog.aop.StopWatchAspect logExecutionDuration
INFO: execution(String org.example.productcatalog.entity.Product.getItem()) -> 0 ms
Dec 02, 2025 10:51:54 PM org.example.productcatalog.aop.StopWatchAspect logExecutionDuration
INFO: execution(void org.example.productcatalog.dto.ProductDto.setItem(String)) -> 0 ms
Dec 02, 2025 10:51:54 PM org.example.productcatalog.aop.StopWatchAspect logExecutionDuration
INFO: execution(String org.example.productcatalog.entity.Product.getBrand()) -> 0 ms
Dec 02, 2025 10:51:54 PM org.example.productcatalog.aop.StopWatchAspect logExecutionDuration
INFO: execution(void org.example.productcatalog.dto.ProductDto.setBrand(String)) -> 0 ms
Dec 02, 2025 10:51:54 PM org.example.productcatalog.aop.StopWatchAspect logExecutionDuration
INFO: execution(String org.example.productcatalog.entity.Product.getTitle()) -> 0 ms
Dec 02, 2025 10:51:54 PM org.example.productcatalog.aop.StopWatchAspect logExecutionDuration
INFO: execution(void org.example.productcatalog.dto.ProductDto.setTitle(String)) -> 0 ms
Dec 02, 2025 10:51:54 PM org.example.productcatalog.aop.StopWatchAspect logExecutionDuration
INFO: execution(String org.example.productcatalog.entity.Product.getCategory()) -> 0 ms
Dec 02, 2025 10:51:54 PM org.example.productcatalog.aop.StopWatchAspect logExecutionDuration
INFO: execution(void org.example.productcatalog.dto.ProductDto.setCategory(String)) -> 0 ms
Dec 02, 2025 10:51:54 PM org.example.productcatalog.aop.StopWatchAspect logExecutionDuration
INFO: execution(double org.example.productcatalog.entity.Product.getPrice()) -> 0 ms
Dec 02, 2025 10:51:54 PM org.example.productcatalog.aop.StopWatchAspect logExecutionDuration
INFO: execution(void org.example.productcatalog.dto.ProductDto.setPrice(double)) -> 0 ms
Dec 02, 2025 10:51:54 PM org.example.productcatalog.aop.StopWatchAspect logExecutionDuration
INFO: execution(String org.example.productcatalog.dto.ProductDto.getItem()) -> 0 ms
Dec 02, 2025 10:51:54 PM org.example.productcatalog.aop.StopWatchAspect logExecutionDuration
INFO: execution(String org.example.productcatalog.dto.ProductDto.getBrand()) -> 0 ms
Dec 02, 2025 10:51:54 PM org.example.productcatalog.aop.StopWatchAspect logExecutionDuration
INFO: execution(String org.example.productcatalog.dto.ProductDto.getTitle()) -> 0 ms
Dec 02, 2025 10:51:54 PM org.example.productcatalog.aop.StopWatchAspect logExecutionDuration
INFO: execution(String org.example.productcatalog.dto.ProductDto.getCategory()) -> 0 ms
Dec 02, 2025 10:51:54 PM org.example.productcatalog.aop.StopWatchAspect logExecutionDuration
INFO: execution(double org.example.productcatalog.dto.ProductDto.getPrice()) -> 0 ms
Dec 02, 2025 10:51:54 PM org.example.productcatalog.aop.StopWatchAspect logExecutionDuration
INFO: execution(void org.example.productcatalog.web.controller.ProductServlet.lambda$doPut$8(BufferedReader, String, HttpServletResponse, PrintWriter, Supplier, Object)) -> 0 ms
Dec 02, 2025 10:51:54 PM org.example.productcatalog.aop.StopWatchAspect logExecutionDuration
INFO: execution(void org.example.productcatalog.web.controller.ProductServlet.doPut(HttpServletRequest, HttpServletResponse)) -> 0 ms
Dec 02, 2025 10:51:54 PM org.example.productcatalog.aop.StopWatchAspect logExecutionDuration
INFO: execution(void org.example.productcatalog.controller.ProductServletTest.givenUserAndProduct_whenTryToUpdate_thenReturnCorrectResult()) -> 0 ms
]]></system-err>
  </testcase>
  <testcase name="givenCurrentUserAndProductTemplate_whenTryToList_thenReturnCorrectResult" classname="org.example.productcatalog.controller.ProductServletTest" time="0.005">
    <error message="Cannot invoke &quot;org.example.productcatalog.service.CrudService.find(Object)&quot; because &quot;ajc$this.productService&quot; is null" type="java.lang.NullPointerException"><![CDATA[java.lang.NullPointerException: Cannot invoke "org.example.productcatalog.service.CrudService.find(Object)" because "ajc$this.productService" is null
	at org.example.productcatalog.controller.ProductServletTest.givenCurrentUserAndProductTemplate_whenTryToList_thenReturnCorrectResult_aroundBody2(ProductServletTest.java:71)
	at org.example.productcatalog.controller.ProductServletTest$AjcClosure3.run(ProductServletTest.java:1)
	at org.aspectj.runtime.reflect.JoinPointImpl.proceed(JoinPointImpl.java:164)
	at org.example.productcatalog.aop.StopWatchAspect.logExecutionDuration(StopWatchAspect.java:21)
	at org.example.productcatalog.controller.ProductServletTest.givenCurrentUserAndProductTemplate_whenTryToList_thenReturnCorrectResult(ProductServletTest.java:71)
	at java.base/java.lang.reflect.Method.invoke(Method.java:580)
	at java.base/java.util.ArrayList.forEach(ArrayList.java:1596)
	at java.base/java.util.ArrayList.forEach(ArrayList.java:1596)
]]></error>
    <system-err><![CDATA[Dec 02, 2025 10:51:54 PM org.example.productcatalog.aop.StopWatchAspect logExecutionDuration
INFO: execution(void org.example.productcatalog.controller.ProductServletTest.givenCurrentUserAndProductTemplate_whenTryToList_thenReturnCorrectResult()) -> 0 ms
]]></system-err>
  </testcase>
  <testcase name="givenUserAndProduct_whenTryToDelete_thenReturnCorrectResult" classname="org.example.productcatalog.controller.ProductServletTest" time="0.004">
    <error message="Cannot invoke &quot;org.example.productcatalog.service.CrudService.find(Object)&quot; because &quot;ajc$this.productService&quot; is null" type="java.lang.NullPointerException"><![CDATA[java.lang.NullPointerException: Cannot invoke "org.example.productcatalog.service.CrudService.find(Object)" because "ajc$this.productService" is null
	at org.example.productcatalog.controller.ProductServletTest.givenUserAndProduct_whenTryToDelete_thenReturnCorrectResult_aroundBody6(ProductServletTest.java:119)
	at org.example.productcatalog.controller.ProductServletTest$AjcClosure7.run(ProductServletTest.java:1)
	at org.aspectj.runtime.reflect.JoinPointImpl.proceed(JoinPointImpl.java:164)
	at org.example.productcatalog.aop.StopWatchAspect.logExecutionDuration(StopWatchAspect.java:21)
	at org.example.productcatalog.controller.ProductServletTest.givenUserAndProduct_whenTryToDelete_thenReturnCorrectResult(ProductServletTest.java:119)
	at java.base/java.lang.reflect.Method.invoke(Method.java:580)
	at java.base/java.util.ArrayList.forEach(ArrayList.java:1596)
	at java.base/java.util.ArrayList.forEach(ArrayList.java:1596)
]]></error>
    <system-err><![CDATA[Dec 02, 2025 10:51:54 PM org.example.productcatalog.aop.StopWatchAspect logExecutionDuration
INFO: execution(void org.example.productcatalog.controller.ProductServletTest.givenUserAndProduct_whenTryToDelete_thenReturnCorrectResult()) -> 0 ms
]]></system-err>
  </testcase>
</testsuite>